
*** Running vivado
    with args -log Edge.vdi -applog -m64 -product Vivado -messageDb vivado.pb -mode batch -source Edge.tcl -notrace


****** Vivado v2018.3 (64-bit)
  **** SW Build 2405991 on Thu Dec  6 23:38:27 MST 2018
  **** IP Build 2404404 on Fri Dec  7 01:43:56 MST 2018
    ** Copyright 1986-2018 Xilinx, Inc. All Rights Reserved.

source Edge.tcl -notrace
Command: link_design -top Edge -part xc7z020clg484-1
Design is defaulting to srcset: sources_1
Design is defaulting to constrset: constrs_1
INFO: [Netlist 29-17] Analyzing 16 Unisim elements for replacement
INFO: [Netlist 29-28] Unisim Transformation completed in 0 CPU seconds
WARNING: [Netlist 29-101] Netlist 'Edge' is not ideal for floorplanning, since the cellview 'Edge' contains a large number of primitives.  Please consider enabling hierarchy in synthesis if you want to do floorplanning.
INFO: [Project 1-479] Netlist was created with Vivado 2018.3
INFO: [Device 21-403] Loading part xc7z020clg484-1
INFO: [Project 1-570] Preparing netlist for logic optimization
Parsing XDC File [C:/Users/airlab/Documents/HDL/HW_4/VivadoUsed/constraint.xdc]
Finished Parsing XDC File [C:/Users/airlab/Documents/HDL/HW_4/VivadoUsed/constraint.xdc]
INFO: [Opt 31-138] Pushed 0 inverter(s) to 0 load pin(s).
Netlist sorting complete. Time (s): cpu = 00:00:00 ; elapsed = 00:00:00 . Memory (MB): peak = 597.980 ; gain = 0.000
INFO: [Project 1-111] Unisim Transformation Summary:
No Unisim elements were transformed.

7 Infos, 1 Warnings, 0 Critical Warnings and 0 Errors encountered.
link_design completed successfully
link_design: Time (s): cpu = 00:00:06 ; elapsed = 00:00:19 . Memory (MB): peak = 602.004 ; gain = 349.164
Command: opt_design
Attempting to get a license for feature 'Implementation' and/or device 'xc7z020'
INFO: [Common 17-349] Got license for feature 'Implementation' and/or device 'xc7z020'
Running DRC as a precondition to command opt_design

Starting DRC Task
INFO: [DRC 23-27] Running DRC with 2 threads
INFO: [Project 1-461] DRC finished with 0 Errors
INFO: [Project 1-462] Please refer to the DRC report (report_drc) for more information.

Time (s): cpu = 00:00:00 ; elapsed = 00:00:00.575 . Memory (MB): peak = 611.281 ; gain = 9.277

Starting Cache Timing Information Task
INFO: [Timing 38-35] Done setting XDC timing constraints.
Ending Cache Timing Information Task | Checksum: 8c871ba7

Time (s): cpu = 00:00:09 ; elapsed = 00:00:09 . Memory (MB): peak = 1166.238 ; gain = 554.957

Starting Logic Optimization Task

Phase 1 Retarget
INFO: [Opt 31-138] Pushed 0 inverter(s) to 0 load pin(s).
INFO: [Opt 31-49] Retargeted 0 cell(s).
Phase 1 Retarget | Checksum: 8c871ba7

Time (s): cpu = 00:00:00 ; elapsed = 00:00:00.036 . Memory (MB): peak = 1262.844 ; gain = 0.000
INFO: [Opt 31-389] Phase Retarget created 0 cells and removed 0 cells

Phase 2 Constant propagation
INFO: [Opt 31-138] Pushed 0 inverter(s) to 0 load pin(s).
Phase 2 Constant propagation | Checksum: 3b378dd9

Time (s): cpu = 00:00:00 ; elapsed = 00:00:00.043 . Memory (MB): peak = 1262.844 ; gain = 0.000
INFO: [Opt 31-389] Phase Constant propagation created 0 cells and removed 0 cells

Phase 3 Sweep
Phase 3 Sweep | Checksum: ace48e5f

Time (s): cpu = 00:00:00 ; elapsed = 00:00:00.056 . Memory (MB): peak = 1262.844 ; gain = 0.000
INFO: [Opt 31-389] Phase Sweep created 0 cells and removed 0 cells

Phase 4 BUFG optimization
Phase 4 BUFG optimization | Checksum: ace48e5f

Time (s): cpu = 00:00:01 ; elapsed = 00:00:00.078 . Memory (MB): peak = 1262.844 ; gain = 0.000
INFO: [Opt 31-662] Phase BUFG optimization created 0 cells of which 0 are BUFGs and removed 0 cells.

Phase 5 Shift Register Optimization
Phase 5 Shift Register Optimization | Checksum: 1d6d13eec

Time (s): cpu = 00:00:01 ; elapsed = 00:00:00.158 . Memory (MB): peak = 1262.844 ; gain = 0.000
INFO: [Opt 31-389] Phase Shift Register Optimization created 0 cells and removed 0 cells

Phase 6 Post Processing Netlist
Phase 6 Post Processing Netlist | Checksum: 151ceaf65

Time (s): cpu = 00:00:01 ; elapsed = 00:00:00.166 . Memory (MB): peak = 1262.844 ; gain = 0.000
INFO: [Opt 31-389] Phase Post Processing Netlist created 0 cells and removed 0 cells
Opt_design Change Summary
=========================


-------------------------------------------------------------------------------------------------------------------------
|  Phase                        |  #Cells created  |  #Cells Removed  |  #Constrained objects preventing optimizations  |
-------------------------------------------------------------------------------------------------------------------------
|  Retarget                     |               0  |               0  |                                              0  |
|  Constant propagation         |               0  |               0  |                                              0  |
|  Sweep                        |               0  |               0  |                                              0  |
|  BUFG optimization            |               0  |               0  |                                              0  |
|  Shift Register Optimization  |               0  |               0  |                                              0  |
|  Post Processing Netlist      |               0  |               0  |                                              0  |
-------------------------------------------------------------------------------------------------------------------------



Starting Connectivity Check Task

Time (s): cpu = 00:00:00 ; elapsed = 00:00:00.001 . Memory (MB): peak = 1262.844 ; gain = 0.000
Ending Logic Optimization Task | Checksum: 14a1c6c92

Time (s): cpu = 00:00:01 ; elapsed = 00:00:00.188 . Memory (MB): peak = 1262.844 ; gain = 0.000

Starting Power Optimization Task
INFO: [Pwropt 34-132] Skipping clock gating for clocks with a period < 2.00 ns.
Ending Power Optimization Task | Checksum: 14a1c6c92

Time (s): cpu = 00:00:00 ; elapsed = 00:00:00.015 . Memory (MB): peak = 1262.844 ; gain = 0.000

Starting Final Cleanup Task
Ending Final Cleanup Task | Checksum: 14a1c6c92

Time (s): cpu = 00:00:00 ; elapsed = 00:00:00 . Memory (MB): peak = 1262.844 ; gain = 0.000

Starting Netlist Obfuscation Task
Netlist sorting complete. Time (s): cpu = 00:00:00 ; elapsed = 00:00:00 . Memory (MB): peak = 1262.844 ; gain = 0.000
Ending Netlist Obfuscation Task | Checksum: 14a1c6c92

Time (s): cpu = 00:00:00 ; elapsed = 00:00:00 . Memory (MB): peak = 1262.844 ; gain = 0.000
INFO: [Common 17-83] Releasing license: Implementation
23 Infos, 1 Warnings, 0 Critical Warnings and 0 Errors encountered.
opt_design completed successfully
opt_design: Time (s): cpu = 00:00:10 ; elapsed = 00:00:11 . Memory (MB): peak = 1262.844 ; gain = 660.840
Netlist sorting complete. Time (s): cpu = 00:00:00 ; elapsed = 00:00:00 . Memory (MB): peak = 1262.844 ; gain = 0.000
INFO: [Timing 38-480] Writing timing data to binary archive.
Netlist sorting complete. Time (s): cpu = 00:00:00 ; elapsed = 00:00:00 . Memory (MB): peak = 1262.844 ; gain = 0.000
INFO: [Common 17-1381] The checkpoint 'C:/Users/airlab/Documents/HDL/HW_4/VivadoUsed/HW4/HW4.runs/impl_1/Edge_opt.dcp' has been generated.
INFO: [runtcl-4] Executing : report_drc -file Edge_drc_opted.rpt -pb Edge_drc_opted.pb -rpx Edge_drc_opted.rpx
Command: report_drc -file Edge_drc_opted.rpt -pb Edge_drc_opted.pb -rpx Edge_drc_opted.rpx
INFO: [IP_Flow 19-234] Refreshing IP repositories
INFO: [IP_Flow 19-1704] No user IP repositories specified
INFO: [IP_Flow 19-2313] Loaded Vivado IP repository 'C:/Xilinx/Vivado/2018.3/data/ip'.
INFO: [DRC 23-27] Running DRC with 2 threads
INFO: [Coretcl 2-168] The results of DRC are in file C:/Users/airlab/Documents/HDL/HW_4/VivadoUsed/HW4/HW4.runs/impl_1/Edge_drc_opted.rpt.
report_drc completed successfully
Command: place_design
Attempting to get a license for feature 'Implementation' and/or device 'xc7z020'
INFO: [Common 17-349] Got license for feature 'Implementation' and/or device 'xc7z020'
INFO: [DRC 23-27] Running DRC with 2 threads
INFO: [Vivado_Tcl 4-198] DRC finished with 0 Errors
INFO: [Vivado_Tcl 4-199] Please refer to the DRC report (report_drc) for more information.
Running DRC as a precondition to command place_design
INFO: [DRC 23-27] Running DRC with 2 threads
INFO: [Vivado_Tcl 4-198] DRC finished with 0 Errors
INFO: [Vivado_Tcl 4-199] Please refer to the DRC report (report_drc) for more information.

Starting Placer Task
INFO: [Place 30-611] Multithreading enabled for place_design using a maximum of 2 CPUs

Phase 1 Placer Initialization

Phase 1.1 Placer Initialization Netlist Sorting
Netlist sorting complete. Time (s): cpu = 00:00:00 ; elapsed = 00:00:00.001 . Memory (MB): peak = 1262.844 ; gain = 0.000
Phase 1.1 Placer Initialization Netlist Sorting | Checksum: b2a9e8c3

Time (s): cpu = 00:00:00 ; elapsed = 00:00:00.013 . Memory (MB): peak = 1262.844 ; gain = 0.000
Netlist sorting complete. Time (s): cpu = 00:00:00 ; elapsed = 00:00:00 . Memory (MB): peak = 1262.844 ; gain = 0.000

Phase 1.2 IO Placement/ Clock Placement/ Build Placer Device
INFO: [Timing 38-35] Done setting XDC timing constraints.
Phase 1.2 IO Placement/ Clock Placement/ Build Placer Device | Checksum: 97048fe5

Time (s): cpu = 00:00:01 ; elapsed = 00:00:00.696 . Memory (MB): peak = 1268.773 ; gain = 5.930

Phase 1.3 Build Placer Netlist Model
Phase 1.3 Build Placer Netlist Model | Checksum: 1664e3125

Time (s): cpu = 00:00:01 ; elapsed = 00:00:00.890 . Memory (MB): peak = 1277.453 ; gain = 14.609

Phase 1.4 Constrain Clocks/Macros
Phase 1.4 Constrain Clocks/Macros | Checksum: 1664e3125

Time (s): cpu = 00:00:01 ; elapsed = 00:00:00.895 . Memory (MB): peak = 1277.453 ; gain = 14.609
Phase 1 Placer Initialization | Checksum: 1664e3125

Time (s): cpu = 00:00:01 ; elapsed = 00:00:00.897 . Memory (MB): peak = 1277.453 ; gain = 14.609

Phase 2 Global Placement

Phase 2.1 Floorplanning
Phase 2.1 Floorplanning | Checksum: e585c599

Time (s): cpu = 00:00:01 ; elapsed = 00:00:00.951 . Memory (MB): peak = 1277.453 ; gain = 14.609

Phase 2.2 Physical Synthesis In Placer
INFO: [Physopt 32-65] No nets found for high-fanout optimization.
INFO: [Physopt 32-232] Optimized 0 net. Created 0 new instance.
INFO: [Physopt 32-775] End 1 Pass. Optimized 0 net or cell. Created 0 new cell, deleted 0 existing cell and moved 0 existing cell
INFO: [Physopt 32-670] No setup violation found.  DSP Register Optimization was not performed.
INFO: [Physopt 32-670] No setup violation found.  Shift Register Optimization was not performed.
INFO: [Physopt 32-670] No setup violation found.  BRAM Register Optimization was not performed.
INFO: [Physopt 32-949] No candidate nets found for HD net replication
INFO: [Physopt 32-775] End 1 Pass. Optimized 0 net or cell. Created 0 new cell, deleted 0 existing cell and moved 0 existing cell
Netlist sorting complete. Time (s): cpu = 00:00:00 ; elapsed = 00:00:00 . Memory (MB): peak = 1277.453 ; gain = 0.000

Summary of Physical Synthesis Optimizations
============================================


----------------------------------------------------------------------------------------------------------------------------------------
|  Optimization                  |  Added Cells  |  Removed Cells  |  Optimized Cells/Nets  |  Dont Touch  |  Iterations  |  Elapsed   |
----------------------------------------------------------------------------------------------------------------------------------------
|  Very High Fanout              |            0  |              0  |                     0  |           0  |           1  |  00:00:00  |
|  DSP Register                  |            0  |              0  |                     0  |           0  |           0  |  00:00:00  |
|  Shift Register                |            0  |              0  |                     0  |           0  |           0  |  00:00:00  |
|  BRAM Register                 |            0  |              0  |                     0  |           0  |           0  |  00:00:00  |
|  HD Interface Net Replication  |            0  |              0  |                     0  |           0  |           1  |  00:00:00  |
|  Total                         |            0  |              0  |                     0  |           0  |           2  |  00:00:00  |
----------------------------------------------------------------------------------------------------------------------------------------


Phase 2.2 Physical Synthesis In Placer | Checksum: a4b41cf3

Time (s): cpu = 00:00:03 ; elapsed = 00:00:02 . Memory (MB): peak = 1277.453 ; gain = 14.609
Phase 2 Global Placement | Checksum: 133693b0b

Time (s): cpu = 00:00:03 ; elapsed = 00:00:02 . Memory (MB): peak = 1277.453 ; gain = 14.609

Phase 3 Detail Placement

Phase 3.1 Commit Multi Column Macros
Phase 3.1 Commit Multi Column Macros | Checksum: 133693b0b

Time (s): cpu = 00:00:03 ; elapsed = 00:00:02 . Memory (MB): peak = 1277.453 ; gain = 14.609

Phase 3.2 Commit Most Macros & LUTRAMs
Phase 3.2 Commit Most Macros & LUTRAMs | Checksum: 1896ec38c

Time (s): cpu = 00:00:03 ; elapsed = 00:00:02 . Memory (MB): peak = 1277.453 ; gain = 14.609

Phase 3.3 Area Swap Optimization
Phase 3.3 Area Swap Optimization | Checksum: 16e321767

Time (s): cpu = 00:00:03 ; elapsed = 00:00:02 . Memory (MB): peak = 1277.453 ; gain = 14.609

Phase 3.4 Pipeline Register Optimization
Phase 3.4 Pipeline Register Optimization | Checksum: 1773955d0

Time (s): cpu = 00:00:03 ; elapsed = 00:00:02 . Memory (MB): peak = 1277.453 ; gain = 14.609

Phase 3.5 Small Shape Detail Placement
Phase 3.5 Small Shape Detail Placement | Checksum: 1dc1e1121

Time (s): cpu = 00:00:03 ; elapsed = 00:00:02 . Memory (MB): peak = 1277.453 ; gain = 14.609

Phase 3.6 Re-assign LUT pins
Phase 3.6 Re-assign LUT pins | Checksum: 1b93d44fc

Time (s): cpu = 00:00:03 ; elapsed = 00:00:02 . Memory (MB): peak = 1277.453 ; gain = 14.609

Phase 3.7 Pipeline Register Optimization
Phase 3.7 Pipeline Register Optimization | Checksum: 1b0248465

Time (s): cpu = 00:00:03 ; elapsed = 00:00:02 . Memory (MB): peak = 1277.453 ; gain = 14.609
Phase 3 Detail Placement | Checksum: 1b0248465

Time (s): cpu = 00:00:03 ; elapsed = 00:00:02 . Memory (MB): peak = 1277.453 ; gain = 14.609

Phase 4 Post Placement Optimization and Clean-Up

Phase 4.1 Post Commit Optimization
INFO: [Timing 38-35] Done setting XDC timing constraints.

Phase 4.1.1 Post Placement Optimization
Post Placement Optimization Initialization | Checksum: 133c06af0

Phase 4.1.1.1 BUFG Insertion
INFO: [Place 46-46] BUFG insertion identified 0 candidate nets, 0 success, 0 bufg driver replicated, 0 skipped for placement/routing, 0 skipped for timing, 0 skipped for netlist change reason
Phase 4.1.1.1 BUFG Insertion | Checksum: 133c06af0

Time (s): cpu = 00:00:03 ; elapsed = 00:00:03 . Memory (MB): peak = 1278.480 ; gain = 15.637
INFO: [Place 30-746] Post Placement Timing Summary WNS=7.211. For the most accurate timing information please run report_timing.
Phase 4.1.1 Post Placement Optimization | Checksum: 12a2c4cc6

Time (s): cpu = 00:00:03 ; elapsed = 00:00:03 . Memory (MB): peak = 1278.480 ; gain = 15.637
Phase 4.1 Post Commit Optimization | Checksum: 12a2c4cc6

Time (s): cpu = 00:00:03 ; elapsed = 00:00:03 . Memory (MB): peak = 1278.480 ; gain = 15.637

Phase 4.2 Post Placement Cleanup
Phase 4.2 Post Placement Cleanup | Checksum: 12a2c4cc6

Time (s): cpu = 00:00:03 ; elapsed = 00:00:03 . Memory (MB): peak = 1278.480 ; gain = 15.637

Phase 4.3 Placer Reporting
Phase 4.3 Placer Reporting | Checksum: 12a2c4cc6

Time (s): cpu = 00:00:03 ; elapsed = 00:00:03 . Memory (MB): peak = 1278.480 ; gain = 15.637

Phase 4.4 Final Placement Cleanup
Netlist sorting complete. Time (s): cpu = 00:00:00 ; elapsed = 00:00:00 . Memory (MB): peak = 1278.480 ; gain = 0.000
Phase 4.4 Final Placement Cleanup | Checksum: 1e9fef7c7

Time (s): cpu = 00:00:03 ; elapsed = 00:00:03 . Memory (MB): peak = 1278.480 ; gain = 15.637
Phase 4 Post Placement Optimization and Clean-Up | Checksum: 1e9fef7c7

Time (s): cpu = 00:00:03 ; elapsed = 00:00:03 . Memory (MB): peak = 1278.480 ; gain = 15.637
Ending Placer Task | Checksum: 17d6da1bc

Time (s): cpu = 00:00:03 ; elapsed = 00:00:03 . Memory (MB): peak = 1278.480 ; gain = 15.637
INFO: [Common 17-83] Releasing license: Implementation
52 Infos, 1 Warnings, 0 Critical Warnings and 0 Errors encountered.
place_design completed successfully
Netlist sorting complete. Time (s): cpu = 00:00:00 ; elapsed = 00:00:00 . Memory (MB): peak = 1278.480 ; gain = 0.000
INFO: [Timing 38-480] Writing timing data to binary archive.
Writing placer database...
Writing XDEF routing.
Netlist sorting complete. Time (s): cpu = 00:00:00 ; elapsed = 00:00:00 . Memory (MB): peak = 1286.156 ; gain = 0.000
Writing XDEF routing logical nets.
Writing XDEF routing special nets.
Write XDEF Complete: Time (s): cpu = 00:00:01 ; elapsed = 00:00:00.126 . Memory (MB): peak = 1286.156 ; gain = 7.676
INFO: [Common 17-1381] The checkpoint 'C:/Users/airlab/Documents/HDL/HW_4/VivadoUsed/HW4/HW4.runs/impl_1/Edge_placed.dcp' has been generated.
INFO: [runtcl-4] Executing : report_io -file Edge_io_placed.rpt
report_io: Time (s): cpu = 00:00:00 ; elapsed = 00:00:00.060 . Memory (MB): peak = 1286.156 ; gain = 0.000
INFO: [runtcl-4] Executing : report_utilization -file Edge_utilization_placed.rpt -pb Edge_utilization_placed.pb
INFO: [runtcl-4] Executing : report_control_sets -verbose -file Edge_control_sets_placed.rpt
report_control_sets: Time (s): cpu = 00:00:00 ; elapsed = 00:00:00.004 . Memory (MB): peak = 1286.156 ; gain = 0.000
Command: route_design
Attempting to get a license for feature 'Implementation' and/or device 'xc7z020'
INFO: [Common 17-349] Got license for feature 'Implementation' and/or device 'xc7z020'
Running DRC as a precondition to command route_design
INFO: [DRC 23-27] Running DRC with 2 threads
INFO: [Vivado_Tcl 4-198] DRC finished with 0 Errors
INFO: [Vivado_Tcl 4-199] Please refer to the DRC report (report_drc) for more information.


Starting Routing Task
INFO: [Route 35-254] Multithreading enabled for route_design using a maximum of 2 CPUs
Checksum: PlaceDB: 9c598b91 ConstDB: 0 ShapeSum: e114162b RouteDB: 0

Phase 1 Build RT Design
Phase 1 Build RT Design | Checksum: 11522c429

Time (s): cpu = 00:00:26 ; elapsed = 00:00:23 . Memory (MB): peak = 1430.406 ; gain = 144.250
Post Restoration Checksum: NetGraph: 1a979566 NumContArr: fa8b2ec3 Constraints: 0 Timing: 0

Phase 2 Router Initialization

Phase 2.1 Create Timer
Phase 2.1 Create Timer | Checksum: 11522c429

Time (s): cpu = 00:00:26 ; elapsed = 00:00:23 . Memory (MB): peak = 1462.320 ; gain = 176.164

Phase 2.2 Fix Topology Constraints
Phase 2.2 Fix Topology Constraints | Checksum: 11522c429

Time (s): cpu = 00:00:26 ; elapsed = 00:00:23 . Memory (MB): peak = 1469.031 ; gain = 182.875

Phase 2.3 Pre Route Cleanup
Phase 2.3 Pre Route Cleanup | Checksum: 11522c429

Time (s): cpu = 00:00:26 ; elapsed = 00:00:23 . Memory (MB): peak = 1469.031 ; gain = 182.875
 Number of Nodes with overlaps = 0

Phase 2.4 Update Timing
Phase 2.4 Update Timing | Checksum: 1b7472f06

Time (s): cpu = 00:00:26 ; elapsed = 00:00:24 . Memory (MB): peak = 1478.371 ; gain = 192.215
INFO: [Route 35-416] Intermediate Timing Summary | WNS=7.129  | TNS=0.000  | WHS=-0.142 | THS=-23.703|

Phase 2 Router Initialization | Checksum: 23612fe0e

Time (s): cpu = 00:00:26 ; elapsed = 00:00:24 . Memory (MB): peak = 1478.371 ; gain = 192.215

Phase 3 Initial Routing
Phase 3 Initial Routing | Checksum: 1b59ff823

Time (s): cpu = 00:00:26 ; elapsed = 00:00:24 . Memory (MB): peak = 1479.273 ; gain = 193.117

Phase 4 Rip-up And Reroute

Phase 4.1 Global Iteration 0
 Number of Nodes with overlaps = 23
 Number of Nodes with overlaps = 0
INFO: [Route 35-416] Intermediate Timing Summary | WNS=6.986  | TNS=0.000  | WHS=N/A    | THS=N/A    |

Phase 4.1 Global Iteration 0 | Checksum: 2b52daffd

Time (s): cpu = 00:00:27 ; elapsed = 00:00:24 . Memory (MB): peak = 1479.277 ; gain = 193.121

Phase 4.2 Global Iteration 1
 Number of Nodes with overlaps = 0
INFO: [Route 35-416] Intermediate Timing Summary | WNS=6.986  | TNS=0.000  | WHS=N/A    | THS=N/A    |

Phase 4.2 Global Iteration 1 | Checksum: 17599324c

Time (s): cpu = 00:00:27 ; elapsed = 00:00:24 . Memory (MB): peak = 1479.277 ; gain = 193.121
Phase 4 Rip-up And Reroute | Checksum: 17599324c

Time (s): cpu = 00:00:27 ; elapsed = 00:00:24 . Memory (MB): peak = 1479.277 ; gain = 193.121

Phase 5 Delay and Skew Optimization

Phase 5.1 Delay CleanUp
Phase 5.1 Delay CleanUp | Checksum: 17599324c

Time (s): cpu = 00:00:27 ; elapsed = 00:00:24 . Memory (MB): peak = 1479.277 ; gain = 193.121

Phase 5.2 Clock Skew Optimization
Phase 5.2 Clock Skew Optimization | Checksum: 17599324c

Time (s): cpu = 00:00:27 ; elapsed = 00:00:24 . Memory (MB): peak = 1479.277 ; gain = 193.121
Phase 5 Delay and Skew Optimization | Checksum: 17599324c

Time (s): cpu = 00:00:27 ; elapsed = 00:00:24 . Memory (MB): peak = 1479.277 ; gain = 193.121

Phase 6 Post Hold Fix

Phase 6.1 Hold Fix Iter

Phase 6.1.1 Update Timing
Phase 6.1.1 Update Timing | Checksum: 2075f0d07

Time (s): cpu = 00:00:27 ; elapsed = 00:00:24 . Memory (MB): peak = 1479.277 ; gain = 193.121
INFO: [Route 35-416] Intermediate Timing Summary | WNS=7.139  | TNS=0.000  | WHS=0.106  | THS=0.000  |

Phase 6.1 Hold Fix Iter | Checksum: 1f34a0bd8

Time (s): cpu = 00:00:27 ; elapsed = 00:00:24 . Memory (MB): peak = 1479.277 ; gain = 193.121
Phase 6 Post Hold Fix | Checksum: 1f34a0bd8

Time (s): cpu = 00:00:27 ; elapsed = 00:00:24 . Memory (MB): peak = 1479.277 ; gain = 193.121

Phase 7 Route finalize

Router Utilization Summary
  Global Vertical Routing Utilization    = 0.075334 %
  Global Horizontal Routing Utilization  = 0.0949966 %
  Routable Net Status*
  *Does not include unroutable nets such as driverless and loadless.
  Run report_route_status for detailed report.
  Number of Failed Nets               = 0
  Number of Unrouted Nets             = 0
  Number of Partially Routed Nets     = 0
  Number of Node Overlaps             = 0

Phase 7 Route finalize | Checksum: 2300d3d11

Time (s): cpu = 00:00:27 ; elapsed = 00:00:24 . Memory (MB): peak = 1479.277 ; gain = 193.121

Phase 8 Verifying routed nets

 Verification completed successfully
Phase 8 Verifying routed nets | Checksum: 2300d3d11

Time (s): cpu = 00:00:27 ; elapsed = 00:00:24 . Memory (MB): peak = 1481.332 ; gain = 195.176

Phase 9 Depositing Routes
Phase 9 Depositing Routes | Checksum: 1fdb60394

Time (s): cpu = 00:00:27 ; elapsed = 00:00:24 . Memory (MB): peak = 1481.332 ; gain = 195.176

Phase 10 Post Router Timing
INFO: [Route 35-57] Estimated Timing Summary | WNS=7.139  | TNS=0.000  | WHS=0.106  | THS=0.000  |

INFO: [Route 35-327] The final timing numbers are based on the router estimated timing analysis. For a complete and accurate timing signoff, please run report_timing_summary.
Phase 10 Post Router Timing | Checksum: 1fdb60394

Time (s): cpu = 00:00:27 ; elapsed = 00:00:24 . Memory (MB): peak = 1481.332 ; gain = 195.176
INFO: [Route 35-16] Router Completed Successfully

Time (s): cpu = 00:00:27 ; elapsed = 00:00:24 . Memory (MB): peak = 1481.332 ; gain = 195.176

Routing Is Done.
INFO: [Common 17-83] Releasing license: Implementation
70 Infos, 1 Warnings, 0 Critical Warnings and 0 Errors encountered.
route_design completed successfully
route_design: Time (s): cpu = 00:00:28 ; elapsed = 00:00:43 . Memory (MB): peak = 1481.332 ; gain = 195.176
Netlist sorting complete. Time (s): cpu = 00:00:00 ; elapsed = 00:00:00 . Memory (MB): peak = 1481.332 ; gain = 0.000
INFO: [Timing 38-480] Writing timing data to binary archive.
Writing placer database...
Writing XDEF routing.
Netlist sorting complete. Time (s): cpu = 00:00:00 ; elapsed = 00:00:00 . Memory (MB): peak = 1481.332 ; gain = 0.000
Writing XDEF routing logical nets.
Writing XDEF routing special nets.
Write XDEF Complete: Time (s): cpu = 00:00:00 ; elapsed = 00:00:00.137 . Memory (MB): peak = 1481.332 ; gain = 0.000
INFO: [Common 17-1381] The checkpoint 'C:/Users/airlab/Documents/HDL/HW_4/VivadoUsed/HW4/HW4.runs/impl_1/Edge_routed.dcp' has been generated.
INFO: [runtcl-4] Executing : report_drc -file Edge_drc_routed.rpt -pb Edge_drc_routed.pb -rpx Edge_drc_routed.rpx
Command: report_drc -file Edge_drc_routed.rpt -pb Edge_drc_routed.pb -rpx Edge_drc_routed.rpx
INFO: [IP_Flow 19-1839] IP Catalog is up to date.
INFO: [DRC 23-27] Running DRC with 2 threads
INFO: [Coretcl 2-168] The results of DRC are in file C:/Users/airlab/Documents/HDL/HW_4/VivadoUsed/HW4/HW4.runs/impl_1/Edge_drc_routed.rpt.
report_drc completed successfully
INFO: [runtcl-4] Executing : report_methodology -file Edge_methodology_drc_routed.rpt -pb Edge_methodology_drc_routed.pb -rpx Edge_methodology_drc_routed.rpx
Command: report_methodology -file Edge_methodology_drc_routed.rpt -pb Edge_methodology_drc_routed.pb -rpx Edge_methodology_drc_routed.rpx
INFO: [Timing 38-35] Done setting XDC timing constraints.
INFO: [DRC 23-133] Running Methodology with 2 threads
INFO: [Coretcl 2-1520] The results of Report Methodology are in file C:/Users/airlab/Documents/HDL/HW_4/VivadoUsed/HW4/HW4.runs/impl_1/Edge_methodology_drc_routed.rpt.
report_methodology completed successfully
INFO: [runtcl-4] Executing : report_power -file Edge_power_routed.rpt -pb Edge_power_summary_routed.pb -rpx Edge_power_routed.rpx
Command: report_power -file Edge_power_routed.rpt -pb Edge_power_summary_routed.pb -rpx Edge_power_routed.rpx
INFO: [Timing 38-35] Done setting XDC timing constraints.
Running Vector-less Activity Propagation...

Finished Running Vector-less Activity Propagation
82 Infos, 1 Warnings, 0 Critical Warnings and 0 Errors encountered.
report_power completed successfully
INFO: [runtcl-4] Executing : report_route_status -file Edge_route_status.rpt -pb Edge_route_status.pb
INFO: [runtcl-4] Executing : report_timing_summary -max_paths 10 -file Edge_timing_summary_routed.rpt -pb Edge_timing_summary_routed.pb -rpx Edge_timing_summary_routed.rpx -warn_on_violation 
INFO: [Timing 38-91] UpdateTimingParams: Speed grade: -1, Delay Type: min_max.
INFO: [Timing 38-191] Multithreading enabled for timing update using a maximum of 2 CPUs
INFO: [runtcl-4] Executing : report_incremental_reuse -file Edge_incremental_reuse_routed.rpt
INFO: [Vivado_Tcl 4-1062] Incremental flow is disabled. No incremental reuse Info to report.
INFO: [runtcl-4] Executing : report_clock_utilization -file Edge_clock_utilization_routed.rpt
INFO: [runtcl-4] Executing : report_bus_skew -warn_on_violation -file Edge_bus_skew_routed.rpt -pb Edge_bus_skew_routed.pb -rpx Edge_bus_skew_routed.rpx
INFO: [Timing 38-91] UpdateTimingParams: Speed grade: -1, Delay Type: min_max.
INFO: [Timing 38-191] Multithreading enabled for timing update using a maximum of 2 CPUs
INFO: [Common 17-206] Exiting Vivado at Wed Nov 19 11:17:22 2025...
