#######################################################################################
# fsdb.xxxxx.log : log primitive debug message of FSDB Reader
# This is for R&D to analyze when there are issues happening when FSDB reading
# The corresponding FSDB file is /MasterClass/M143010068_HDL/HW3/post_sim/delay/Thumb_pip_post.fsdb
#######################################################################################
[BASIC]Reader version : Chronologic Simulation VCS Release V-2023.12
[BASIC]simulator version : Chronologic Simulation VCS Release V-2023.12
[BASIC]dumper version : FSDB Dumper for VCS, Release Verdi_V-2023.12, Linux, 11/15/2023
[THREAD]The MTR thread count is 9
[THREAD]Secondary thread count: 4
[PERF]VC decompress count : 5
[PERF]VCChain decompress count : 15
[PERF]VC decompress count : 5
[PERF]VCChain decompress count : 13
[PERF]VC decompress count : 5
[PERF]VCChain decompress count : 12
[PERF]VC decompress count : 5
[PERF]VCChain decompress count : 11
[PERF]VC decompress count : 5
[PERF]VCChain decompress count : 13
[PERF]VC decompress count : 2
[PERF]VCChain decompress count : 13
[PERF]VC decompress count : 2
[PERF]VCChain decompress count : 9
[PERF]VC decompress count : 5
[PERF]VCChain decompress count : 13
[READSCOPE]ReadScopeTree calling time is 1
[READSCOPE]ReadScope_PartialLoad calling time is 0
[READSCOPE]Scope read by partial load count is 0
[READSCOPE]Scope read count is 2
[READSCOPE]Decompressed blk is 1
[MAXCHAIN]Decompressed cnt 1
[PERF]VC decompress count : 5
[PERF]VCChain decompress count : 13
[FSDBGate Info] start
[FSDBGate Info] Total fhdb_compute_count = 4735
[FSDBGate Info] end
